
*** Running vivado
    with args -log heart_risk_minimal.vds -m64 -product Vivado -mode batch -messageDb vivado.pb -notrace -source heart_risk_minimal.tcl



****** Vivado v2025.1 (64-bit)
  **** SW Build 6140274 on Thu May 22 00:12:29 MDT 2025
  **** IP Build 6138677 on Thu May 22 03:10:11 MDT 2025
  **** SharedData Build 6139179 on Tue May 20 17:58:58 MDT 2025
  **** Start of session at: Sun Apr 19 22:00:46 2026
    ** Copyright 1986-2022 Xilinx, Inc. All Rights Reserved.
    ** Copyright 2022-2025 Advanced Micro Devices, Inc. All Rights Reserved.

source heart_risk_minimal.tcl -notrace
create_project: Time (s): cpu = 00:00:04 ; elapsed = 00:00:06 . Memory (MB): peak = 493.309 ; gain = 213.793
Command: read_checkpoint -auto_incremental -incremental C:/Users/Dhwanil/Desktop/fpga_2.0/Perceptron_heart/Perceptron_heart.srcs/utils_1/imports/synth_1/heart_risk_minimal.dcp
INFO: [Vivado 12-5825] Read reference checkpoint from C:/Users/Dhwanil/Desktop/fpga_2.0/Perceptron_heart/Perceptron_heart.srcs/utils_1/imports/synth_1/heart_risk_minimal.dcp for incremental synthesis
INFO: [Vivado 12-7989] Please ensure there are no constraint changes
Command: synth_design -top heart_risk_minimal -part xc7a35tcpg236-1
Starting synth_design
Attempting to get a license for feature 'Synthesis' and/or device 'xc7a35t'
INFO: [Common 17-349] Got license for feature 'Synthesis' and/or device 'xc7a35t'
INFO: [Device 21-403] Loading part xc7a35tcpg236-1
INFO: [Designutils 20-5440] No compile time benefit to using incremental synthesis; A full resynthesis will be run
INFO: [Designutils 20-4379] Flow is switching to default flow due to incremental criteria not met. If you would like to alter this behaviour and have the flow terminate instead, please set the following parameter config_implementation {autoIncr.Synth.RejectBehavior Terminate}
INFO: [Synth 8-7079] Multithreading enabled for synth_design using a maximum of 2 processes.
INFO: [Synth 8-7078] Launching helper process for spawning children vivado processes
INFO: [Synth 8-7075] Helper process launched with PID 7148
---------------------------------------------------------------------------------
Starting RTL Elaboration : Time (s): cpu = 00:00:03 ; elapsed = 00:00:07 . Memory (MB): peak = 1179.227 ; gain = 494.117
---------------------------------------------------------------------------------
INFO: [Synth 8-6157] synthesizing module 'heart_risk_minimal' [C:/Users/Dhwanil/Desktop/fpga_2.0/Perceptron_heart/Perceptron_heart.srcs/sources_1/new/heart_risk_minimal.v:1]
INFO: [Synth 8-6155] done synthesizing module 'heart_risk_minimal' (0#1) [C:/Users/Dhwanil/Desktop/fpga_2.0/Perceptron_heart/Perceptron_heart.srcs/sources_1/new/heart_risk_minimal.v:1]
WARNING: [Synth 8-6014] Unused sequential element x8_reg was removed.  [C:/Users/Dhwanil/Desktop/fpga_2.0/Perceptron_heart/Perceptron_heart.srcs/sources_1/new/heart_risk_minimal.v:57]
WARNING: [Synth 8-6014] Unused sequential element abnormal_reg was removed.  [C:/Users/Dhwanil/Desktop/fpga_2.0/Perceptron_heart/Perceptron_heart.srcs/sources_1/new/heart_risk_minimal.v:82]
---------------------------------------------------------------------------------
Finished RTL Elaboration : Time (s): cpu = 00:00:03 ; elapsed = 00:00:09 . Memory (MB): peak = 1287.348 ; gain = 602.238
---------------------------------------------------------------------------------
---------------------------------------------------------------------------------
Start Handling Custom Attributes
---------------------------------------------------------------------------------
---------------------------------------------------------------------------------
Finished Handling Custom Attributes : Time (s): cpu = 00:00:03 ; elapsed = 00:00:09 . Memory (MB): peak = 1287.348 ; gain = 602.238
---------------------------------------------------------------------------------
---------------------------------------------------------------------------------
Finished RTL Optimization Phase 1 : Time (s): cpu = 00:00:03 ; elapsed = 00:00:09 . Memory (MB): peak = 1287.348 ; gain = 602.238
---------------------------------------------------------------------------------
Netlist sorting complete. Time (s): cpu = 00:00:00 ; elapsed = 00:00:00.006 . Memory (MB): peak = 1287.348 ; gain = 0.000
INFO: [Project 1-570] Preparing netlist for logic optimization

Processing XDC Constraints
Initializing timing engine
Parsing XDC File [C:/Users/Dhwanil/Desktop/fpga_2.0/Perceptron_heart/Perceptron_heart.srcs/constrs_1/new/risk.xdc]
WARNING: [Vivado 12-584] No ports matched 'mode_sw'. [C:/Users/Dhwanil/Desktop/fpga_2.0/Perceptron_heart/Perceptron_heart.srcs/constrs_1/new/risk.xdc:53]
CRITICAL WARNING: [Common 17-55] 'set_property' expects at least one object. [C:/Users/Dhwanil/Desktop/fpga_2.0/Perceptron_heart/Perceptron_heart.srcs/constrs_1/new/risk.xdc:53]
Resolution: If [get_<value>] was used to populate the object, check to make sure this command returns at least one valid object.
WARNING: [Vivado 12-584] No ports matched 'btn_next'. [C:/Users/Dhwanil/Desktop/fpga_2.0/Perceptron_heart/Perceptron_heart.srcs/constrs_1/new/risk.xdc:54]
CRITICAL WARNING: [Common 17-55] 'set_property' expects at least one object. [C:/Users/Dhwanil/Desktop/fpga_2.0/Perceptron_heart/Perceptron_heart.srcs/constrs_1/new/risk.xdc:54]
Resolution: If [get_<value>] was used to populate the object, check to make sure this command returns at least one valid object.
WARNING: [Vivado 12-584] No ports matched 'btn_prev'. [C:/Users/Dhwanil/Desktop/fpga_2.0/Perceptron_heart/Perceptron_heart.srcs/constrs_1/new/risk.xdc:55]
CRITICAL WARNING: [Common 17-55] 'set_property' expects at least one object. [C:/Users/Dhwanil/Desktop/fpga_2.0/Perceptron_heart/Perceptron_heart.srcs/constrs_1/new/risk.xdc:55]
Resolution: If [get_<value>] was used to populate the object, check to make sure this command returns at least one valid object.
Finished Parsing XDC File [C:/Users/Dhwanil/Desktop/fpga_2.0/Perceptron_heart/Perceptron_heart.srcs/constrs_1/new/risk.xdc]
INFO: [Project 1-236] Implementation specific constraints were found while reading constraint file [C:/Users/Dhwanil/Desktop/fpga_2.0/Perceptron_heart/Perceptron_heart.srcs/constrs_1/new/risk.xdc]. These constraints will be ignored for synthesis but will be used in implementation. Impacted constraints are listed in the file [.Xil/heart_risk_minimal_propImpl.xdc].
Resolution: To avoid this warning, move constraints listed in [.Xil/heart_risk_minimal_propImpl.xdc] to another XDC file and exclude this new file from synthesis with the used_in_synthesis property (File Properties dialog in GUI) and re-run elaboration/synthesis.
Completed Processing XDC Constraints

Netlist sorting complete. Time (s): cpu = 00:00:00 ; elapsed = 00:00:00.001 . Memory (MB): peak = 1368.074 ; gain = 0.000
INFO: [Project 1-111] Unisim Transformation Summary:
No Unisim elements were transformed.

Constraint Validation Runtime : Time (s): cpu = 00:00:00 ; elapsed = 00:00:00.007 . Memory (MB): peak = 1368.074 ; gain = 0.000
INFO: [Designutils 20-5440] No compile time benefit to using incremental synthesis; A full resynthesis will be run
INFO: [Designutils 20-4379] Flow is switching to default flow due to incremental criteria not met. If you would like to alter this behaviour and have the flow terminate instead, please set the following parameter config_implementation {autoIncr.Synth.RejectBehavior Terminate}
---------------------------------------------------------------------------------
Finished Constraint Validation : Time (s): cpu = 00:00:08 ; elapsed = 00:00:17 . Memory (MB): peak = 1368.074 ; gain = 682.965
---------------------------------------------------------------------------------
---------------------------------------------------------------------------------
Start Loading Part and Timing Information
---------------------------------------------------------------------------------
Loading part: xc7a35tcpg236-1
---------------------------------------------------------------------------------
Finished Loading Part and Timing Information : Time (s): cpu = 00:00:08 ; elapsed = 00:00:17 . Memory (MB): peak = 1368.074 ; gain = 682.965
---------------------------------------------------------------------------------
---------------------------------------------------------------------------------
Start Applying 'set_property' XDC Constraints
---------------------------------------------------------------------------------
---------------------------------------------------------------------------------
Finished applying 'set_property' XDC Constraints : Time (s): cpu = 00:00:08 ; elapsed = 00:00:18 . Memory (MB): peak = 1368.074 ; gain = 682.965
---------------------------------------------------------------------------------
INFO: [Synth 8-802] inferred FSM for state register 'stage_reg' in module 'heart_risk_minimal'
---------------------------------------------------------------------------------------------------
                   State |                     New Encoding |                Previous Encoding 
---------------------------------------------------------------------------------------------------
                  iSTATE |                         00000001 |                              000
                 iSTATE0 |                         00000010 |                              001
                 iSTATE1 |                         00000100 |                              010
                 iSTATE2 |                         00001000 |                              011
                 iSTATE3 |                         00010000 |                              100
                 iSTATE4 |                         00100000 |                              101
                 iSTATE5 |                         01000000 |                              110
                 iSTATE6 |                         10000000 |                              111
---------------------------------------------------------------------------------------------------
INFO: [Synth 8-3354] encoded FSM with state register 'stage_reg' using encoding 'one-hot' in module 'heart_risk_minimal'
---------------------------------------------------------------------------------
Finished RTL Optimization Phase 2 : Time (s): cpu = 00:00:08 ; elapsed = 00:00:18 . Memory (MB): peak = 1368.074 ; gain = 682.965
---------------------------------------------------------------------------------
---------------------------------------------------------------------------------
Start RTL Component Statistics 
---------------------------------------------------------------------------------
Detailed RTL Component Info : 
+---Adders : 
	   2 Input   32 Bit       Adders := 1     
	   7 Input   32 Bit       Adders := 1     
+---Registers : 
	                8 Bit    Registers := 8     
	                2 Bit    Registers := 2     
	                1 Bit    Registers := 2     
+---Muxes : 
	   2 Input   32 Bit        Muxes := 1     
	   5 Input    7 Bit        Muxes := 4     
	   4 Input    4 Bit        Muxes := 1     
	   2 Input    2 Bit        Muxes := 2     
	   4 Input    1 Bit        Muxes := 2     
---------------------------------------------------------------------------------
Finished RTL Component Statistics 
---------------------------------------------------------------------------------
---------------------------------------------------------------------------------
Start Part Resource Summary
---------------------------------------------------------------------------------
Part Resources:
DSPs: 90 (col length:60)
BRAMs: 100 (col length: RAMB18 60 RAMB36 30)
---------------------------------------------------------------------------------
Finished Part Resource Summary
---------------------------------------------------------------------------------
---------------------------------------------------------------------------------
Start Cross Boundary and Area Optimization
---------------------------------------------------------------------------------
WARNING: [Synth 8-7080] Parallel synthesis criteria is not met
---------------------------------------------------------------------------------
Finished Cross Boundary and Area Optimization : Time (s): cpu = 00:00:10 ; elapsed = 00:00:23 . Memory (MB): peak = 1368.074 ; gain = 682.965
---------------------------------------------------------------------------------
---------------------------------------------------------------------------------
Start Applying XDC Timing Constraints
---------------------------------------------------------------------------------
---------------------------------------------------------------------------------
Finished Applying XDC Timing Constraints : Time (s): cpu = 00:00:14 ; elapsed = 00:00:29 . Memory (MB): peak = 1490.289 ; gain = 805.180
---------------------------------------------------------------------------------
---------------------------------------------------------------------------------
Start Timing Optimization
---------------------------------------------------------------------------------
---------------------------------------------------------------------------------
Finished Timing Optimization : Time (s): cpu = 00:00:14 ; elapsed = 00:00:29 . Memory (MB): peak = 1491.039 ; gain = 805.930
---------------------------------------------------------------------------------
---------------------------------------------------------------------------------
Start Technology Mapping
---------------------------------------------------------------------------------
---------------------------------------------------------------------------------
Finished Technology Mapping : Time (s): cpu = 00:00:14 ; elapsed = 00:00:29 . Memory (MB): peak = 1501.770 ; gain = 816.660
---------------------------------------------------------------------------------
---------------------------------------------------------------------------------
Start IO Insertion
---------------------------------------------------------------------------------
---------------------------------------------------------------------------------
Start Flattening Before IO Insertion
---------------------------------------------------------------------------------
---------------------------------------------------------------------------------
Finished Flattening Before IO Insertion
---------------------------------------------------------------------------------
---------------------------------------------------------------------------------
Start Final Netlist Cleanup
---------------------------------------------------------------------------------
---------------------------------------------------------------------------------
Finished Final Netlist Cleanup
---------------------------------------------------------------------------------
---------------------------------------------------------------------------------
Finished IO Insertion : Time (s): cpu = 00:00:17 ; elapsed = 00:00:34 . Memory (MB): peak = 1735.004 ; gain = 1049.895
---------------------------------------------------------------------------------
---------------------------------------------------------------------------------
Start Renaming Generated Instances
---------------------------------------------------------------------------------
---------------------------------------------------------------------------------
Finished Renaming Generated Instances : Time (s): cpu = 00:00:17 ; elapsed = 00:00:34 . Memory (MB): peak = 1735.004 ; gain = 1049.895
---------------------------------------------------------------------------------
---------------------------------------------------------------------------------
Start Rebuilding User Hierarchy
---------------------------------------------------------------------------------
---------------------------------------------------------------------------------
Finished Rebuilding User Hierarchy : Time (s): cpu = 00:00:17 ; elapsed = 00:00:34 . Memory (MB): peak = 1735.004 ; gain = 1049.895
---------------------------------------------------------------------------------
---------------------------------------------------------------------------------
Start Renaming Generated Ports
---------------------------------------------------------------------------------
---------------------------------------------------------------------------------
Finished Renaming Generated Ports : Time (s): cpu = 00:00:17 ; elapsed = 00:00:34 . Memory (MB): peak = 1735.004 ; gain = 1049.895
---------------------------------------------------------------------------------
---------------------------------------------------------------------------------
Start Handling Custom Attributes
---------------------------------------------------------------------------------
---------------------------------------------------------------------------------
Finished Handling Custom Attributes : Time (s): cpu = 00:00:17 ; elapsed = 00:00:34 . Memory (MB): peak = 1735.004 ; gain = 1049.895
---------------------------------------------------------------------------------
---------------------------------------------------------------------------------
Start Renaming Generated Nets
---------------------------------------------------------------------------------
---------------------------------------------------------------------------------
Finished Renaming Generated Nets : Time (s): cpu = 00:00:17 ; elapsed = 00:00:34 . Memory (MB): peak = 1735.004 ; gain = 1049.895
---------------------------------------------------------------------------------
---------------------------------------------------------------------------------
Start Writing Synthesis Report
---------------------------------------------------------------------------------

Report BlackBoxes: 
+-+--------------+----------+
| |BlackBox name |Instances |
+-+--------------+----------+
+-+--------------+----------+

Report Cell Usage: 
+------+-------+------+
|      |Cell   |Count |
+------+-------+------+
|1     |BUFG   |     1|
|2     |CARRY4 |    13|
|3     |LUT1   |     5|
|4     |LUT2   |    11|
|5     |LUT3   |    15|
|6     |LUT4   |    10|
|7     |LUT5   |    15|
|8     |LUT6   |    46|
|9     |MUXF7  |    12|
|10    |FDRE   |   118|
|11    |FDSE   |     1|
|12    |IBUF   |    11|
|13    |OBUF   |    14|
+------+-------+------+
---------------------------------------------------------------------------------
Finished Writing Synthesis Report : Time (s): cpu = 00:00:17 ; elapsed = 00:00:34 . Memory (MB): peak = 1735.004 ; gain = 1049.895
---------------------------------------------------------------------------------
Synthesis finished with 0 errors, 0 critical warnings and 1 warnings.
Synthesis Optimization Runtime : Time (s): cpu = 00:00:13 ; elapsed = 00:00:32 . Memory (MB): peak = 1735.004 ; gain = 969.168
Synthesis Optimization Complete : Time (s): cpu = 00:00:17 ; elapsed = 00:00:34 . Memory (MB): peak = 1735.004 ; gain = 1049.895
INFO: [Project 1-571] Translating synthesized netlist
Netlist sorting complete. Time (s): cpu = 00:00:00 ; elapsed = 00:00:00.002 . Memory (MB): peak = 1744.219 ; gain = 0.000
INFO: [Netlist 29-17] Analyzing 25 Unisim elements for replacement
INFO: [Netlist 29-28] Unisim Transformation completed in 0 CPU seconds
INFO: [Project 1-570] Preparing netlist for logic optimization
INFO: [Opt 31-138] Pushed 0 inverter(s) to 0 load pin(s).
Netlist sorting complete. Time (s): cpu = 00:00:00 ; elapsed = 00:00:00 . Memory (MB): peak = 1747.895 ; gain = 0.000
INFO: [Project 1-111] Unisim Transformation Summary:
No Unisim elements were transformed.

Synth Design complete | Checksum: 7639dd84
INFO: [Common 17-83] Releasing license: Synthesis
25 Infos, 6 Warnings, 3 Critical Warnings and 0 Errors encountered.
synth_design completed successfully
synth_design: Time (s): cpu = 00:00:19 ; elapsed = 00:00:50 . Memory (MB): peak = 1747.895 ; gain = 1248.695
INFO: [runtcl-6] Synthesis results are not added to the cache due to CRITICAL_WARNING
Write ShapeDB Complete: Time (s): cpu = 00:00:00 ; elapsed = 00:00:00.016 . Memory (MB): peak = 1747.895 ; gain = 0.000
INFO: [Common 17-1381] The checkpoint 'C:/Users/Dhwanil/Desktop/fpga_2.0/Perceptron_heart/Perceptron_heart.runs/synth_1/heart_risk_minimal.dcp' has been generated.
INFO: [Vivado 12-24828] Executing command : report_utilization -file heart_risk_minimal_utilization_synth.rpt -pb heart_risk_minimal_utilization_synth.pb
INFO: [Common 17-206] Exiting Vivado at Sun Apr 19 22:01:45 2026...
