Copyright 1986-2022 Xilinx, Inc. All Rights Reserved. Copyright 2022-2025 Advanced Micro Devices, Inc. All Rights Reserved.
------------------------------------------------------------------------------------------------------------------------------------------------------------------------------------------------------------------------------------------------------------------
| Tool Version : Vivado v.2025.1 (win64) Build 6140274 Thu May 22 00:12:29 MDT 2025
| Date         : Sun Apr 19 22:03:03 2026
| Host         : Dhwanil27 running 64-bit major release  (build 9200)
| Command      : report_timing_summary -max_paths 10 -routable_nets -report_unconstrained -file heart_risk_minimal_timing_summary_routed.rpt -pb heart_risk_minimal_timing_summary_routed.pb -rpx heart_risk_minimal_timing_summary_routed.rpx -warn_on_violation
| Design       : heart_risk_minimal
| Device       : 7a35t-cpg236
| Speed File   : -1  PRODUCTION 1.23 2018-06-13
| Design State : Routed
------------------------------------------------------------------------------------------------------------------------------------------------------------------------------------------------------------------------------------------------------------------

Timing Summary Report

------------------------------------------------------------------------------------------------
| Timer Settings
| --------------
------------------------------------------------------------------------------------------------

  Enable Multi Corner Analysis               :  Yes
  Enable Pessimism Removal                   :  Yes
  Pessimism Removal Resolution               :  Nearest Common Node
  Enable Input Delay Default Clock           :  No
  Enable Preset / Clear Arcs                 :  No
  Disable Flight Delays                      :  No
  Ignore I/O Paths                           :  No
  Timing Early Launch at Borrowing Latches   :  No
  Borrow Time for Max Delay Exceptions       :  Yes
  Merge Timing Exceptions                    :  Yes
  Inter-SLR Compensation                     :  Conservative

  Corner  Analyze    Analyze    
  Name    Max Paths  Min Paths  
  ------  ---------  ---------  
  Slow    Yes        Yes        
  Fast    Yes        Yes        


------------------------------------------------------------------------------------------------
| Report Methodology
| ------------------
------------------------------------------------------------------------------------------------

Rule       Severity          Description                  Violations  
---------  ----------------  ---------------------------  ----------  
TIMING-17  Critical Warning  Non-clocked sequential cell  119         

Note: This report is based on the most recent report_methodology run and may not be up-to-date. Run report_methodology on the current design for the latest report.



check_timing report

Table of Contents
-----------------
1. checking no_clock (119)
2. checking constant_clock (0)
3. checking pulse_width_clock (0)
4. checking unconstrained_internal_endpoints (263)
5. checking no_input_delay (10)
6. checking no_output_delay (14)
7. checking multiple_clock (0)
8. checking generated_clocks (0)
9. checking loops (0)
10. checking partial_input_delay (0)
11. checking partial_output_delay (0)
12. checking latch_loops (0)

1. checking no_clock (119)
--------------------------
 There are 119 register/latch pins with no clock driven by root clock pin: clk (HIGH)


2. checking constant_clock (0)
------------------------------
 There are 0 register/latch pins with constant_clock.


3. checking pulse_width_clock (0)
---------------------------------
 There are 0 register/latch pins which need pulse_width check


4. checking unconstrained_internal_endpoints (263)
--------------------------------------------------
 There are 263 pins that are not constrained for maximum delay. (HIGH)

 There are 0 pins that are not constrained for maximum delay due to constant clock.


5. checking no_input_delay (10)
-------------------------------
 There are 10 input ports with no input delay specified. (HIGH)

 There are 0 input ports with no input delay but user has a false path constraint.


6. checking no_output_delay (14)
--------------------------------
 There are 14 ports with no output delay specified. (HIGH)

 There are 0 ports with no output delay but user has a false path constraint

 There are 0 ports with no output delay but with a timing clock defined on it or propagating through it


7. checking multiple_clock (0)
------------------------------
 There are 0 register/latch pins with multiple clocks.


8. checking generated_clocks (0)
--------------------------------
 There are 0 generated clocks that are not connected to a clock source.


9. checking loops (0)
---------------------
 There are 0 combinational loops in the design.


10. checking partial_input_delay (0)
------------------------------------
 There are 0 input ports with partial input delay specified.


11. checking partial_output_delay (0)
-------------------------------------
 There are 0 ports with partial output delay specified.


12. checking latch_loops (0)
----------------------------
 There are 0 combinational latch loops in the design through latch input



------------------------------------------------------------------------------------------------
| Design Timing Summary
| ---------------------
------------------------------------------------------------------------------------------------

    WNS(ns)      TNS(ns)  TNS Failing Endpoints  TNS Total Endpoints      WHS(ns)      THS(ns)  THS Failing Endpoints  THS Total Endpoints     WPWS(ns)     TPWS(ns)  TPWS Failing Endpoints  TPWS Total Endpoints  
    -------      -------  ---------------------  -------------------      -------      -------  ---------------------  -------------------     --------     --------  ----------------------  --------------------  
        inf        0.000                      0                  277          inf        0.000                      0                  277           NA           NA                      NA                    NA  


There are no user specified timing constraints.


------------------------------------------------------------------------------------------------
| Clock Summary
| -------------
------------------------------------------------------------------------------------------------


------------------------------------------------------------------------------------------------
| Intra Clock Table
| -----------------
------------------------------------------------------------------------------------------------

Clock             WNS(ns)      TNS(ns)  TNS Failing Endpoints  TNS Total Endpoints      WHS(ns)      THS(ns)  THS Failing Endpoints  THS Total Endpoints     WPWS(ns)     TPWS(ns)  TPWS Failing Endpoints  TPWS Total Endpoints  
-----             -------      -------  ---------------------  -------------------      -------      -------  ---------------------  -------------------     --------     --------  ----------------------  --------------------  


------------------------------------------------------------------------------------------------
| Inter Clock Table
| -----------------
------------------------------------------------------------------------------------------------

From Clock    To Clock          WNS(ns)      TNS(ns)  TNS Failing Endpoints  TNS Total Endpoints      WHS(ns)      THS(ns)  THS Failing Endpoints  THS Total Endpoints  
----------    --------          -------      -------  ---------------------  -------------------      -------      -------  ---------------------  -------------------  


------------------------------------------------------------------------------------------------
| Other Path Groups Table
| -----------------------
------------------------------------------------------------------------------------------------

Path Group    From Clock    To Clock          WNS(ns)      TNS(ns)  TNS Failing Endpoints  TNS Total Endpoints      WHS(ns)      THS(ns)  THS Failing Endpoints  THS Total Endpoints  
----------    ----------    --------          -------      -------  ---------------------  -------------------      -------      -------  ---------------------  -------------------  


------------------------------------------------------------------------------------------------
| User Ignored Path Table
| -----------------------
------------------------------------------------------------------------------------------------

Path Group    From Clock    To Clock    
----------    ----------    --------    


------------------------------------------------------------------------------------------------
| Unconstrained Path Table
| ------------------------
------------------------------------------------------------------------------------------------

Path Group    From Clock    To Clock    
----------    ----------    --------    
(none)                                    


------------------------------------------------------------------------------------------------
| Timing Details
| --------------
------------------------------------------------------------------------------------------------


--------------------------------------------------------------------------------------
Path Group:  (none)
From Clock:  
  To Clock:  

Max Delay           277 Endpoints
Min Delay           277 Endpoints
--------------------------------------------------------------------------------------


Max Delay Paths
--------------------------------------------------------------------------------------
Slack:                    inf
  Source:                 display_value_reg[7]/C
                            (rising edge-triggered cell FDRE)
  Destination:            seg[4]
                            (output port)
  Path Group:             (none)
  Path Type:              Max at Slow Process Corner
  Data Path Delay:        11.801ns  (logic 6.045ns (51.222%)  route 5.756ns (48.778%))
  Logic Levels:           8  (CARRY4=2 FDRE=1 LUT3=1 LUT5=1 LUT6=1 MUXF7=1 OBUF=1)

    Location             Delay type                Incr(ns)  Path(ns)    Netlist Resource(s)
  -------------------------------------------------------------------    -------------------
    SLICE_X36Y18         FDRE                         0.000     0.000 r  display_value_reg[7]/C
    SLICE_X36Y18         FDRE (Prop_fdre_C_Q)         0.456     0.456 r  display_value_reg[7]/Q
                         net (fo=34, routed)          1.838     2.294    display_value[7]
    SLICE_X51Y17         LUT3 (Prop_lut3_I1_O)        0.124     2.418 r  seg_OBUF[6]_inst_i_18/O
                         net (fo=1, routed)           0.000     2.418    seg_OBUF[6]_inst_i_18_n_0
    SLICE_X51Y17         CARRY4 (Prop_carry4_S[0]_CO[3])
                                                      0.532     2.950 r  seg_OBUF[6]_inst_i_7/CO[3]
                         net (fo=1, routed)           0.000     2.950    seg_OBUF[6]_inst_i_7_n_0
    SLICE_X51Y18         CARRY4 (Prop_carry4_CI_CO[0])
                                                      0.271     3.221 r  seg_OBUF[6]_inst_i_4/CO[0]
                         net (fo=5, routed)           0.837     4.058    seg_OBUF[6]_inst_i_4_n_3
    SLICE_X49Y18         LUT5 (Prop_lut5_I4_O)        0.401     4.459 r  seg_OBUF[3]_inst_i_3/O
                         net (fo=2, routed)           0.968     5.427    seg_OBUF[3]_inst_i_3_n_0
    SLICE_X50Y18         LUT6 (Prop_lut6_I0_O)        0.326     5.753 r  seg_OBUF[4]_inst_i_2/O
                         net (fo=1, routed)           0.000     5.753    seg_OBUF[4]_inst_i_2_n_0
    SLICE_X50Y18         MUXF7 (Prop_muxf7_I0_O)      0.241     5.994 r  seg_OBUF[4]_inst_i_1/O
                         net (fo=1, routed)           2.113     8.107    seg_OBUF[4]
    U5                   OBUF (Prop_obuf_I_O)         3.694    11.801 r  seg_OBUF[4]_inst/O
                         net (fo=0)                   0.000    11.801    seg[4]
    U5                                                                r  seg[4] (OUT)
  -------------------------------------------------------------------    -------------------

Slack:                    inf
  Source:                 display_value_reg[7]/C
                            (rising edge-triggered cell FDRE)
  Destination:            seg[3]
                            (output port)
  Path Group:             (none)
  Path Type:              Max at Slow Process Corner
  Data Path Delay:        11.552ns  (logic 5.646ns (48.871%)  route 5.907ns (51.129%))
  Logic Levels:           7  (CARRY4=2 FDRE=1 LUT3=1 LUT5=2 OBUF=1)

    Location             Delay type                Incr(ns)  Path(ns)    Netlist Resource(s)
  -------------------------------------------------------------------    -------------------
    SLICE_X36Y18         FDRE                         0.000     0.000 r  display_value_reg[7]/C
    SLICE_X36Y18         FDRE (Prop_fdre_C_Q)         0.456     0.456 r  display_value_reg[7]/Q
                         net (fo=34, routed)          1.838     2.294    display_value[7]
    SLICE_X51Y17         LUT3 (Prop_lut3_I1_O)        0.124     2.418 r  seg_OBUF[6]_inst_i_18/O
                         net (fo=1, routed)           0.000     2.418    seg_OBUF[6]_inst_i_18_n_0
    SLICE_X51Y17         CARRY4 (Prop_carry4_S[0]_CO[3])
                                                      0.532     2.950 r  seg_OBUF[6]_inst_i_7/CO[3]
                         net (fo=1, routed)           0.000     2.950    seg_OBUF[6]_inst_i_7_n_0
    SLICE_X51Y18         CARRY4 (Prop_carry4_CI_CO[0])
                                                      0.271     3.221 r  seg_OBUF[6]_inst_i_4/CO[0]
                         net (fo=5, routed)           0.837     4.058    seg_OBUF[6]_inst_i_4_n_3
    SLICE_X49Y18         LUT5 (Prop_lut5_I4_O)        0.401     4.459 r  seg_OBUF[3]_inst_i_3/O
                         net (fo=2, routed)           0.972     5.431    seg_OBUF[3]_inst_i_3_n_0
    SLICE_X50Y20         LUT5 (Prop_lut5_I2_O)        0.326     5.757 r  seg_OBUF[3]_inst_i_1/O
                         net (fo=1, routed)           2.260     8.017    seg_OBUF[3]
    V8                   OBUF (Prop_obuf_I_O)         3.536    11.552 r  seg_OBUF[3]_inst/O
                         net (fo=0)                   0.000    11.552    seg[3]
    V8                                                                r  seg[3] (OUT)
  -------------------------------------------------------------------    -------------------

Slack:                    inf
  Source:                 display_value_reg[7]/C
                            (rising edge-triggered cell FDRE)
  Destination:            seg[5]
                            (output port)
  Path Group:             (none)
  Path Type:              Max at Slow Process Corner
  Data Path Delay:        11.000ns  (logic 5.384ns (48.951%)  route 5.615ns (51.049%))
  Logic Levels:           7  (CARRY4=2 FDRE=1 LUT3=1 LUT4=1 LUT6=1 OBUF=1)

    Location             Delay type                Incr(ns)  Path(ns)    Netlist Resource(s)
  -------------------------------------------------------------------    -------------------
    SLICE_X36Y18         FDRE                         0.000     0.000 r  display_value_reg[7]/C
    SLICE_X36Y18         FDRE (Prop_fdre_C_Q)         0.456     0.456 r  display_value_reg[7]/Q
                         net (fo=34, routed)          1.838     2.294    display_value[7]
    SLICE_X51Y17         LUT3 (Prop_lut3_I1_O)        0.124     2.418 r  seg_OBUF[6]_inst_i_18/O
                         net (fo=1, routed)           0.000     2.418    seg_OBUF[6]_inst_i_18_n_0
    SLICE_X51Y17         CARRY4 (Prop_carry4_S[0]_CO[3])
                                                      0.532     2.950 r  seg_OBUF[6]_inst_i_7/CO[3]
                         net (fo=1, routed)           0.000     2.950    seg_OBUF[6]_inst_i_7_n_0
    SLICE_X51Y18         CARRY4 (Prop_carry4_CI_CO[0])
                                                      0.271     3.221 f  seg_OBUF[6]_inst_i_4/CO[0]
                         net (fo=5, routed)           0.837     4.058    seg_OBUF[6]_inst_i_4_n_3
    SLICE_X49Y18         LUT4 (Prop_lut4_I3_O)        0.373     4.431 r  seg_OBUF[5]_inst_i_3/O
                         net (fo=1, routed)           0.665     5.096    seg_OBUF[5]_inst_i_3_n_0
    SLICE_X49Y18         LUT6 (Prop_lut6_I3_O)        0.124     5.220 r  seg_OBUF[5]_inst_i_1/O
                         net (fo=1, routed)           2.275     7.495    seg_OBUF[5]
    V5                   OBUF (Prop_obuf_I_O)         3.504    11.000 r  seg_OBUF[5]_inst/O
                         net (fo=0)                   0.000    11.000    seg[5]
    V5                                                                r  seg[5] (OUT)
  -------------------------------------------------------------------    -------------------

Slack:                    inf
  Source:                 display_value_reg[7]/C
                            (rising edge-triggered cell FDRE)
  Destination:            seg[2]
                            (output port)
  Path Group:             (none)
  Path Type:              Max at Slow Process Corner
  Data Path Delay:        10.883ns  (logic 5.802ns (53.315%)  route 5.081ns (46.685%))
  Logic Levels:           8  (CARRY4=2 FDRE=1 LUT2=1 LUT3=1 LUT6=1 MUXF7=1 OBUF=1)

    Location             Delay type                Incr(ns)  Path(ns)    Netlist Resource(s)
  -------------------------------------------------------------------    -------------------
    SLICE_X36Y18         FDRE                         0.000     0.000 r  display_value_reg[7]/C
    SLICE_X36Y18         FDRE (Prop_fdre_C_Q)         0.456     0.456 r  display_value_reg[7]/Q
                         net (fo=34, routed)          1.838     2.294    display_value[7]
    SLICE_X51Y17         LUT3 (Prop_lut3_I1_O)        0.124     2.418 r  seg_OBUF[6]_inst_i_18/O
                         net (fo=1, routed)           0.000     2.418    seg_OBUF[6]_inst_i_18_n_0
    SLICE_X51Y17         CARRY4 (Prop_carry4_S[0]_CO[3])
                                                      0.532     2.950 r  seg_OBUF[6]_inst_i_7/CO[3]
                         net (fo=1, routed)           0.000     2.950    seg_OBUF[6]_inst_i_7_n_0
    SLICE_X51Y18         CARRY4 (Prop_carry4_CI_CO[0])
                                                      0.271     3.221 f  seg_OBUF[6]_inst_i_4/CO[0]
                         net (fo=5, routed)           0.756     3.978    seg_OBUF[6]_inst_i_4_n_3
    SLICE_X48Y19         LUT2 (Prop_lut2_I0_O)        0.373     4.351 f  seg_OBUF[2]_inst_i_4/O
                         net (fo=1, routed)           0.159     4.510    seg_OBUF[2]_inst_i_4_n_0
    SLICE_X48Y19         LUT6 (Prop_lut6_I0_O)        0.124     4.634 r  seg_OBUF[2]_inst_i_2/O
                         net (fo=1, routed)           0.000     4.634    seg_OBUF[2]_inst_i_2_n_0
    SLICE_X48Y19         MUXF7 (Prop_muxf7_I0_O)      0.212     4.846 r  seg_OBUF[2]_inst_i_1/O
                         net (fo=1, routed)           2.327     7.173    seg_OBUF[2]
    U8                   OBUF (Prop_obuf_I_O)         3.710    10.883 r  seg_OBUF[2]_inst/O
                         net (fo=0)                   0.000    10.883    seg[2]
    U8                                                                r  seg[2] (OUT)
  -------------------------------------------------------------------    -------------------

Slack:                    inf
  Source:                 display_value_reg[1]/C
                            (rising edge-triggered cell FDRE)
  Destination:            seg[0]
                            (output port)
  Path Group:             (none)
  Path Type:              Max at Slow Process Corner
  Data Path Delay:        10.830ns  (logic 5.080ns (46.904%)  route 5.750ns (53.096%))
  Logic Levels:           7  (FDRE=1 LUT3=1 LUT4=1 LUT6=2 MUXF7=1 OBUF=1)

    Location             Delay type                Incr(ns)  Path(ns)    Netlist Resource(s)
  -------------------------------------------------------------------    -------------------
    SLICE_X36Y16         FDRE                         0.000     0.000 r  display_value_reg[1]/C
    SLICE_X36Y16         FDRE (Prop_fdre_C_Q)         0.456     0.456 r  display_value_reg[1]/Q
                         net (fo=23, routed)          1.631     2.087    display_value[1]
    SLICE_X48Y18         LUT6 (Prop_lut6_I4_O)        0.124     2.211 r  seg_OBUF[5]_inst_i_12/O
                         net (fo=3, routed)           0.685     2.897    seg_OBUF[5]_inst_i_12_n_0
    SLICE_X48Y18         LUT3 (Prop_lut3_I0_O)        0.152     3.049 r  seg_OBUF[4]_inst_i_5/O
                         net (fo=3, routed)           0.825     3.873    seg_OBUF[4]_inst_i_5_n_0
    SLICE_X49Y19         LUT4 (Prop_lut4_I0_O)        0.326     4.199 r  seg_OBUF[0]_inst_i_4/O
                         net (fo=1, routed)           0.298     4.497    seg_OBUF[0]_inst_i_4_n_0
    SLICE_X51Y19         LUT6 (Prop_lut6_I5_O)        0.124     4.621 r  seg_OBUF[0]_inst_i_2/O
                         net (fo=1, routed)           0.000     4.621    seg_OBUF[0]_inst_i_2_n_0
    SLICE_X51Y19         MUXF7 (Prop_muxf7_I0_O)      0.212     4.833 r  seg_OBUF[0]_inst_i_1/O
                         net (fo=1, routed)           2.311     7.144    seg_OBUF[0]
    W7                   OBUF (Prop_obuf_I_O)         3.686    10.830 r  seg_OBUF[0]_inst/O
                         net (fo=0)                   0.000    10.830    seg[0]
    W7                                                                r  seg[0] (OUT)
  -------------------------------------------------------------------    -------------------

Slack:                    inf
  Source:                 display_value_reg[1]/C
                            (rising edge-triggered cell FDRE)
  Destination:            seg[6]
                            (output port)
  Path Group:             (none)
  Path Type:              Max at Slow Process Corner
  Data Path Delay:        10.806ns  (logic 4.895ns (45.303%)  route 5.911ns (54.697%))
  Logic Levels:           7  (FDRE=1 LUT3=1 LUT5=1 LUT6=2 MUXF7=1 OBUF=1)

    Location             Delay type                Incr(ns)  Path(ns)    Netlist Resource(s)
  -------------------------------------------------------------------    -------------------
    SLICE_X36Y16         FDRE                         0.000     0.000 r  display_value_reg[1]/C
    SLICE_X36Y16         FDRE (Prop_fdre_C_Q)         0.456     0.456 r  display_value_reg[1]/Q
                         net (fo=23, routed)          1.638     2.094    display_value[1]
    SLICE_X48Y18         LUT6 (Prop_lut6_I4_O)        0.124     2.218 r  seg_OBUF[5]_inst_i_11/O
                         net (fo=2, routed)           0.848     3.067    seg_OBUF[5]_inst_i_11_n_0
    SLICE_X48Y18         LUT3 (Prop_lut3_I2_O)        0.124     3.191 r  seg_OBUF[6]_inst_i_10/O
                         net (fo=2, routed)           0.695     3.886    seg_OBUF[6]_inst_i_10_n_0
    SLICE_X49Y18         LUT6 (Prop_lut6_I5_O)        0.124     4.010 r  seg_OBUF[6]_inst_i_5/O
                         net (fo=1, routed)           0.403     4.413    seg_OBUF[6]_inst_i_5_n_0
    SLICE_X49Y17         LUT5 (Prop_lut5_I4_O)        0.124     4.537 r  seg_OBUF[6]_inst_i_2/O
                         net (fo=1, routed)           0.000     4.537    seg_OBUF[6]_inst_i_2_n_0
    SLICE_X49Y17         MUXF7 (Prop_muxf7_I0_O)      0.238     4.775 r  seg_OBUF[6]_inst_i_1/O
                         net (fo=1, routed)           2.326     7.101    seg_OBUF[6]
    U7                   OBUF (Prop_obuf_I_O)         3.705    10.806 r  seg_OBUF[6]_inst/O
                         net (fo=0)                   0.000    10.806    seg[6]
    U7                                                                r  seg[6] (OUT)
  -------------------------------------------------------------------    -------------------

Slack:                    inf
  Source:                 risk_reg[1]/C
                            (rising edge-triggered cell FDRE)
  Destination:            green_led
                            (output port)
  Path Group:             (none)
  Path Type:              Max at Slow Process Corner
  Data Path Delay:        10.217ns  (logic 4.292ns (42.008%)  route 5.925ns (57.992%))
  Logic Levels:           3  (FDRE=1 LUT3=1 OBUF=1)

    Location             Delay type                Incr(ns)  Path(ns)    Netlist Resource(s)
  -------------------------------------------------------------------    -------------------
    SLICE_X35Y17         FDRE                         0.000     0.000 r  risk_reg[1]/C
    SLICE_X35Y17         FDRE (Prop_fdre_C_Q)         0.456     0.456 f  risk_reg[1]/Q
                         net (fo=13, routed)          2.351     2.807    risk_reg_n_0_[1]
    SLICE_X55Y41         LUT3 (Prop_lut3_I2_O)        0.118     2.925 r  green_led_OBUF_inst_i_1/O
                         net (fo=1, routed)           3.574     6.499    green_led_OBUF
    L2                   OBUF (Prop_obuf_I_O)         3.718    10.217 r  green_led_OBUF_inst/O
                         net (fo=0)                   0.000    10.217    green_led
    L2                                                                r  green_led (OUT)
  -------------------------------------------------------------------    -------------------

Slack:                    inf
  Source:                 risk_reg[1]/C
                            (rising edge-triggered cell FDRE)
  Destination:            red_led
                            (output port)
  Path Group:             (none)
  Path Type:              Max at Slow Process Corner
  Data Path Delay:        10.008ns  (logic 4.085ns (40.818%)  route 5.923ns (59.182%))
  Logic Levels:           3  (FDRE=1 LUT4=1 OBUF=1)

    Location             Delay type                Incr(ns)  Path(ns)    Netlist Resource(s)
  -------------------------------------------------------------------    -------------------
    SLICE_X35Y17         FDRE                         0.000     0.000 r  risk_reg[1]/C
    SLICE_X35Y17         FDRE (Prop_fdre_C_Q)         0.456     0.456 r  risk_reg[1]/Q
                         net (fo=13, routed)          2.351     2.807    risk_reg_n_0_[1]
    SLICE_X55Y41         LUT4 (Prop_lut4_I3_O)        0.124     2.931 r  red_led_OBUF_inst_i_1/O
                         net (fo=2, routed)           3.572     6.503    buzzer_OBUF
    J1                   OBUF (Prop_obuf_I_O)         3.505    10.008 r  red_led_OBUF_inst/O
                         net (fo=0)                   0.000    10.008    red_led
    J1                                                                r  red_led (OUT)
  -------------------------------------------------------------------    -------------------

Slack:                    inf
  Source:                 risk_reg[1]/C
                            (rising edge-triggered cell FDRE)
  Destination:            buzzer
                            (output port)
  Path Group:             (none)
  Path Type:              Max at Slow Process Corner
  Data Path Delay:        9.952ns  (logic 4.088ns (41.076%)  route 5.864ns (58.924%))
  Logic Levels:           3  (FDRE=1 LUT4=1 OBUF=1)

    Location             Delay type                Incr(ns)  Path(ns)    Netlist Resource(s)
  -------------------------------------------------------------------    -------------------
    SLICE_X35Y17         FDRE                         0.000     0.000 r  risk_reg[1]/C
    SLICE_X35Y17         FDRE (Prop_fdre_C_Q)         0.456     0.456 r  risk_reg[1]/Q
                         net (fo=13, routed)          2.351     2.807    risk_reg_n_0_[1]
    SLICE_X55Y41         LUT4 (Prop_lut4_I3_O)        0.124     2.931 r  red_led_OBUF_inst_i_1/O
                         net (fo=2, routed)           3.514     6.444    buzzer_OBUF
    J2                   OBUF (Prop_obuf_I_O)         3.508     9.952 r  buzzer_OBUF_inst/O
                         net (fo=0)                   0.000     9.952    buzzer
    J2                                                                r  buzzer (OUT)
  -------------------------------------------------------------------    -------------------

Slack:                    inf
  Source:                 display_value_reg[1]/C
                            (rising edge-triggered cell FDRE)
  Destination:            seg[1]
                            (output port)
  Path Group:             (none)
  Path Type:              Max at Slow Process Corner
  Data Path Delay:        9.810ns  (logic 4.739ns (48.312%)  route 5.070ns (51.688%))
  Logic Levels:           6  (FDRE=1 LUT5=2 LUT6=1 MUXF7=1 OBUF=1)

    Location             Delay type                Incr(ns)  Path(ns)    Netlist Resource(s)
  -------------------------------------------------------------------    -------------------
    SLICE_X36Y16         FDRE                         0.000     0.000 r  display_value_reg[1]/C
    SLICE_X36Y16         FDRE (Prop_fdre_C_Q)         0.456     0.456 r  display_value_reg[1]/Q
                         net (fo=23, routed)          1.803     2.259    display_value[1]
    SLICE_X49Y18         LUT6 (Prop_lut6_I3_O)        0.124     2.383 r  seg_OBUF[1]_inst_i_7/O
                         net (fo=1, routed)           0.656     3.039    seg_OBUF[1]_inst_i_7_n_0
    SLICE_X48Y18         LUT5 (Prop_lut5_I4_O)        0.124     3.163 r  seg_OBUF[1]_inst_i_4/O
                         net (fo=1, routed)           0.447     3.610    seg_OBUF[1]_inst_i_4_n_0
    SLICE_X50Y19         LUT5 (Prop_lut5_I4_O)        0.124     3.734 r  seg_OBUF[1]_inst_i_2/O
                         net (fo=1, routed)           0.000     3.734    seg_OBUF[1]_inst_i_2_n_0
    SLICE_X50Y19         MUXF7 (Prop_muxf7_I0_O)      0.209     3.943 r  seg_OBUF[1]_inst_i_1/O
                         net (fo=1, routed)           2.164     6.107    seg_OBUF[1]
    W6                   OBUF (Prop_obuf_I_O)         3.702     9.810 r  seg_OBUF[1]_inst/O
                         net (fo=0)                   0.000     9.810    seg[1]
    W6                                                                r  seg[1] (OUT)
  -------------------------------------------------------------------    -------------------





Min Delay Paths
--------------------------------------------------------------------------------------
Slack:                    inf
  Source:                 FSM_onehot_stage_reg[6]/C
                            (rising edge-triggered cell FDRE)
  Destination:            FSM_onehot_stage_reg[7]/D
  Path Group:             (none)
  Path Type:              Min at Fast Process Corner
  Data Path Delay:        0.270ns  (logic 0.148ns (54.716%)  route 0.122ns (45.284%))
  Logic Levels:           1  (FDRE=1)

    Location             Delay type                Incr(ns)  Path(ns)    Netlist Resource(s)
  -------------------------------------------------------------------    -------------------
    SLICE_X34Y16         FDRE                         0.000     0.000 r  FSM_onehot_stage_reg[6]/C
    SLICE_X34Y16         FDRE (Prop_fdre_C_Q)         0.148     0.148 r  FSM_onehot_stage_reg[6]/Q
                         net (fo=2, routed)           0.122     0.270    x7
    SLICE_X34Y16         FDRE                                         r  FSM_onehot_stage_reg[7]/D
  -------------------------------------------------------------------    -------------------

Slack:                    inf
  Source:                 FSM_onehot_stage_reg[5]/C
                            (rising edge-triggered cell FDRE)
  Destination:            FSM_onehot_stage_reg[6]/D
  Path Group:             (none)
  Path Type:              Min at Fast Process Corner
  Data Path Delay:        0.284ns  (logic 0.148ns (52.116%)  route 0.136ns (47.884%))
  Logic Levels:           1  (FDRE=1)

    Location             Delay type                Incr(ns)  Path(ns)    Netlist Resource(s)
  -------------------------------------------------------------------    -------------------
    SLICE_X34Y16         FDRE                         0.000     0.000 r  FSM_onehot_stage_reg[5]/C
    SLICE_X34Y16         FDRE (Prop_fdre_C_Q)         0.148     0.148 r  FSM_onehot_stage_reg[5]/Q
                         net (fo=2, routed)           0.136     0.284    x6
    SLICE_X34Y16         FDRE                                         r  FSM_onehot_stage_reg[6]/D
  -------------------------------------------------------------------    -------------------

Slack:                    inf
  Source:                 FSM_onehot_stage_reg[2]/C
                            (rising edge-triggered cell FDRE)
  Destination:            FSM_onehot_stage_reg[3]/D
  Path Group:             (none)
  Path Type:              Min at Fast Process Corner
  Data Path Delay:        0.288ns  (logic 0.164ns (56.972%)  route 0.124ns (43.028%))
  Logic Levels:           1  (FDRE=1)

    Location             Delay type                Incr(ns)  Path(ns)    Netlist Resource(s)
  -------------------------------------------------------------------    -------------------
    SLICE_X34Y16         FDRE                         0.000     0.000 r  FSM_onehot_stage_reg[2]/C
    SLICE_X34Y16         FDRE (Prop_fdre_C_Q)         0.164     0.164 r  FSM_onehot_stage_reg[2]/Q
                         net (fo=2, routed)           0.124     0.288    x3
    SLICE_X34Y16         FDRE                                         r  FSM_onehot_stage_reg[3]/D
  -------------------------------------------------------------------    -------------------

Slack:                    inf
  Source:                 refresh_counter_reg[14]/C
                            (rising edge-triggered cell FDRE)
  Destination:            mux_sel_reg[0]/D
  Path Group:             (none)
  Path Type:              Min at Fast Process Corner
  Data Path Delay:        0.288ns  (logic 0.164ns (56.964%)  route 0.124ns (43.036%))
  Logic Levels:           1  (FDRE=1)

    Location             Delay type                Incr(ns)  Path(ns)    Netlist Resource(s)
  -------------------------------------------------------------------    -------------------
    SLICE_X54Y19         FDRE                         0.000     0.000 r  refresh_counter_reg[14]/C
    SLICE_X54Y19         FDRE (Prop_fdre_C_Q)         0.164     0.164 r  refresh_counter_reg[14]/Q
                         net (fo=2, routed)           0.124     0.288    refresh_counter_reg[14]
    SLICE_X55Y19         FDRE                                         r  mux_sel_reg[0]/D
  -------------------------------------------------------------------    -------------------

Slack:                    inf
  Source:                 FSM_onehot_stage_reg[3]/C
                            (rising edge-triggered cell FDRE)
  Destination:            FSM_onehot_stage_reg[4]/D
  Path Group:             (none)
  Path Type:              Min at Fast Process Corner
  Data Path Delay:        0.288ns  (logic 0.164ns (56.917%)  route 0.124ns (43.083%))
  Logic Levels:           1  (FDRE=1)

    Location             Delay type                Incr(ns)  Path(ns)    Netlist Resource(s)
  -------------------------------------------------------------------    -------------------
    SLICE_X34Y16         FDRE                         0.000     0.000 r  FSM_onehot_stage_reg[3]/C
    SLICE_X34Y16         FDRE (Prop_fdre_C_Q)         0.164     0.164 r  FSM_onehot_stage_reg[3]/Q
                         net (fo=2, routed)           0.124     0.288    x4
    SLICE_X34Y16         FDRE                                         r  FSM_onehot_stage_reg[4]/D
  -------------------------------------------------------------------    -------------------

Slack:                    inf
  Source:                 FSM_onehot_stage_reg[0]/C
                            (rising edge-triggered cell FDSE)
  Destination:            FSM_onehot_stage_reg[1]/D
  Path Group:             (none)
  Path Type:              Min at Fast Process Corner
  Data Path Delay:        0.339ns  (logic 0.164ns (48.344%)  route 0.175ns (51.656%))
  Logic Levels:           1  (FDSE=1)

    Location             Delay type                Incr(ns)  Path(ns)    Netlist Resource(s)
  -------------------------------------------------------------------    -------------------
    SLICE_X34Y16         FDSE                         0.000     0.000 r  FSM_onehot_stage_reg[0]/C
    SLICE_X34Y16         FDSE (Prop_fdse_C_Q)         0.164     0.164 r  FSM_onehot_stage_reg[0]/Q
                         net (fo=2, routed)           0.175     0.339    x1
    SLICE_X34Y16         FDRE                                         r  FSM_onehot_stage_reg[1]/D
  -------------------------------------------------------------------    -------------------

Slack:                    inf
  Source:                 result_mode_reg_inv/C
                            (rising edge-triggered cell FDRE)
  Destination:            display_value_reg[1]/CE
  Path Group:             (none)
  Path Type:              Min at Fast Process Corner
  Data Path Delay:        0.342ns  (logic 0.164ns (47.937%)  route 0.178ns (52.063%))
  Logic Levels:           1  (FDRE=1)

    Location             Delay type                Incr(ns)  Path(ns)    Netlist Resource(s)
  -------------------------------------------------------------------    -------------------
    SLICE_X34Y17         FDRE                         0.000     0.000 r  result_mode_reg_inv/C
    SLICE_X34Y17         FDRE (Prop_fdre_C_Q)         0.164     0.164 r  result_mode_reg_inv/Q
                         net (fo=27, routed)          0.178     0.342    p_1_out[5]
    SLICE_X36Y16         FDRE                                         r  display_value_reg[1]/CE
  -------------------------------------------------------------------    -------------------

Slack:                    inf
  Source:                 result_mode_reg_inv/C
                            (rising edge-triggered cell FDRE)
  Destination:            display_value_reg[5]/CE
  Path Group:             (none)
  Path Type:              Min at Fast Process Corner
  Data Path Delay:        0.342ns  (logic 0.164ns (47.937%)  route 0.178ns (52.063%))
  Logic Levels:           1  (FDRE=1)

    Location             Delay type                Incr(ns)  Path(ns)    Netlist Resource(s)
  -------------------------------------------------------------------    -------------------
    SLICE_X34Y17         FDRE                         0.000     0.000 r  result_mode_reg_inv/C
    SLICE_X34Y17         FDRE (Prop_fdre_C_Q)         0.164     0.164 r  result_mode_reg_inv/Q
                         net (fo=27, routed)          0.178     0.342    p_1_out[5]
    SLICE_X36Y16         FDRE                                         r  display_value_reg[5]/CE
  -------------------------------------------------------------------    -------------------

Slack:                    inf
  Source:                 FSM_onehot_stage_reg[4]/C
                            (rising edge-triggered cell FDRE)
  Destination:            FSM_onehot_stage_reg[5]/D
  Path Group:             (none)
  Path Type:              Min at Fast Process Corner
  Data Path Delay:        0.365ns  (logic 0.148ns (40.532%)  route 0.217ns (59.468%))
  Logic Levels:           1  (FDRE=1)

    Location             Delay type                Incr(ns)  Path(ns)    Netlist Resource(s)
  -------------------------------------------------------------------    -------------------
    SLICE_X34Y16         FDRE                         0.000     0.000 r  FSM_onehot_stage_reg[4]/C
    SLICE_X34Y16         FDRE (Prop_fdre_C_Q)         0.148     0.148 r  FSM_onehot_stage_reg[4]/Q
                         net (fo=2, routed)           0.217     0.365    x5
    SLICE_X34Y16         FDRE                                         r  FSM_onehot_stage_reg[5]/D
  -------------------------------------------------------------------    -------------------

Slack:                    inf
  Source:                 FSM_onehot_stage_reg[1]/C
                            (rising edge-triggered cell FDRE)
  Destination:            FSM_onehot_stage_reg[2]/D
  Path Group:             (none)
  Path Type:              Min at Fast Process Corner
  Data Path Delay:        0.373ns  (logic 0.164ns (43.934%)  route 0.209ns (56.066%))
  Logic Levels:           1  (FDRE=1)

    Location             Delay type                Incr(ns)  Path(ns)    Netlist Resource(s)
  -------------------------------------------------------------------    -------------------
    SLICE_X34Y16         FDRE                         0.000     0.000 r  FSM_onehot_stage_reg[1]/C
    SLICE_X34Y16         FDRE (Prop_fdre_C_Q)         0.164     0.164 r  FSM_onehot_stage_reg[1]/Q
                         net (fo=2, routed)           0.209     0.373    x2
    SLICE_X34Y16         FDRE                                         r  FSM_onehot_stage_reg[2]/D
  -------------------------------------------------------------------    -------------------





